<?xml version="1.0" encoding="UTF-8"?>
<robot generator="Robot 7.3.1 (Python 3.11.9 on win32)" generated="2025-07-19T19:40:23.037551" rpa="false" schemaversion="5">
<suite id="s1" name="Saucedemo Main" source="c:\Users\QAi User\Desktop\Training Session\Browser\saucedemo_main.robot">
<test id="s1-t1" name="Open website and buy &quot;Sauce Labs Onesie&quot;" line="7">
<kw name="Open Browser And Go To The Website" owner="common_keywords">
<kw name="Open Browser" owner="SeleniumLibrary">
<msg time="2025-07-19T19:40:23.327180" level="INFO">Opening browser 'edge' to base url 'https://www.saucedemo.com/'.</msg>
<msg time="2025-07-19T19:40:24.078906" level="WARN">Exception managing MicrosoftEdge: error sending request for url (https://msedgedriver.azureedge.net/LATEST_RELEASE_138_WINDOWS): error trying to connect: dns error: No such host is known. (os error 11001)</msg>
<msg time="2025-07-19T19:40:24.078906" level="WARN">The msedgedriver version (137.0.3296.93) detected in PATH at C:\driver\msedgedriver.exe might not be compatible with the detected MicrosoftEdge version (138.0.3351.95); currently, msedgedriver  is recommended for MicrosoftEdge 138.*, so it is advised to delete the driver in PATH and retry</msg>
<arg>${url}</arg>
<arg>edge</arg>
<arg>options=add_experimental_option("detach", True)</arg>
<doc>Opens a new browser instance to the optional ``url``.</doc>
<status status="PASS" start="2025-07-19T19:40:23.327180" elapsed="4.884884"/>
</kw>
<kw name="Maximize Browser Window" owner="SeleniumLibrary">
<doc>Maximizes current browser window.</doc>
<status status="PASS" start="2025-07-19T19:40:28.212064" elapsed="0.035411"/>
</kw>
<kw name="Title Should Be" owner="SeleniumLibrary">
<msg time="2025-07-19T19:40:28.254077" level="INFO">Page title is 'Swag Labs'.</msg>
<arg>Swag Labs</arg>
<doc>Verifies that the current page title equals ``title``.</doc>
<status status="PASS" start="2025-07-19T19:40:28.247475" elapsed="0.006602"/>
</kw>
<kw name="Wait Until Element Is Visible" owner="SeleniumLibrary">
<arg>xpath=//div[@class="login_logo"]</arg>
<doc>Waits until the element ``locator`` is visible.</doc>
<status status="PASS" start="2025-07-19T19:40:28.254077" elapsed="0.044647"/>
</kw>
<kw name="Page Should Contain" owner="SeleniumLibrary">
<msg time="2025-07-19T19:40:28.316413" level="INFO">Current page contains text 'Swag Labs'.</msg>
<arg>Swag Labs</arg>
<doc>Verifies that current page contains ``text``.</doc>
<status status="PASS" start="2025-07-19T19:40:28.298724" elapsed="0.017689"/>
</kw>
<arg>${URL}</arg>
<status status="PASS" start="2025-07-19T19:40:23.327180" elapsed="4.989233"/>
</kw>
<kw name="Log In To Website" owner="common_keywords">
<kw name="Wait Until Text Field Is Visible And Input Text" owner="common_keywords">
<kw name="Wait Until Element Is Visible" owner="SeleniumLibrary">
<arg>${locator}</arg>
<arg>${timeout}</arg>
<doc>Waits until the element ``locator`` is visible.</doc>
<status status="PASS" start="2025-07-19T19:40:28.316413" elapsed="0.070894"/>
</kw>
<kw name="Input Text" owner="SeleniumLibrary">
<msg time="2025-07-19T19:40:28.387307" level="INFO">Typing text 'standard_user' into text field 'id=user-name'.</msg>
<arg>${locator}</arg>
<arg>${text}</arg>
<doc>Types the given ``text`` into the text field identified by ``locator``.</doc>
<status status="PASS" start="2025-07-19T19:40:28.387307" elapsed="0.082818"/>
</kw>
<arg>id=user-name</arg>
<arg>${username}</arg>
<status status="PASS" start="2025-07-19T19:40:28.316413" elapsed="0.153712"/>
</kw>
<kw name="Wait Until Text Field Is Visible And Input Text" owner="common_keywords">
<kw name="Wait Until Element Is Visible" owner="SeleniumLibrary">
<arg>${locator}</arg>
<arg>${timeout}</arg>
<doc>Waits until the element ``locator`` is visible.</doc>
<status status="PASS" start="2025-07-19T19:40:28.470125" elapsed="0.014508"/>
</kw>
<kw name="Input Text" owner="SeleniumLibrary">
<msg time="2025-07-19T19:40:28.485662" level="INFO">Typing text 'secret_sauce' into text field 'id=password'.</msg>
<arg>${locator}</arg>
<arg>${text}</arg>
<doc>Types the given ``text`` into the text field identified by ``locator``.</doc>
<status status="PASS" start="2025-07-19T19:40:28.484633" elapsed="0.072675"/>
</kw>
<arg>id=password</arg>
<arg>${password}</arg>
<status status="PASS" start="2025-07-19T19:40:28.470125" elapsed="0.087183"/>
</kw>
<kw name="Wait Until Element Is Visible And Click Element" owner="common_keywords">
<kw name="Wait Until Element Is Visible" owner="SeleniumLibrary">
<arg>${locator}</arg>
<arg>${timeout}</arg>
<doc>Waits until the element ``locator`` is visible.</doc>
<status status="PASS" start="2025-07-19T19:40:28.557308" elapsed="0.011641"/>
</kw>
<kw name="Click Element" owner="SeleniumLibrary">
<msg time="2025-07-19T19:40:28.568949" level="INFO">Clicking element 'id=login-button'.</msg>
<arg>${locator}</arg>
<doc>Click the element identified by ``locator``.</doc>
<status status="PASS" start="2025-07-19T19:40:28.568949" elapsed="0.073826"/>
</kw>
<arg>id=login-button</arg>
<status status="PASS" start="2025-07-19T19:40:28.557308" elapsed="0.085467"/>
</kw>
<kw name="Wait Until Page Contains" owner="SeleniumLibrary">
<arg>Products</arg>
<doc>Waits until ``text`` appears on the current page.</doc>
<status status="PASS" start="2025-07-19T19:40:28.642775" elapsed="0.016461"/>
</kw>
<arg>${USERNAME}</arg>
<arg>${PASSWORD}</arg>
<status status="PASS" start="2025-07-19T19:40:28.316413" elapsed="0.342823"/>
</kw>
<kw name="Add Product To Cart" owner="common_keywords">
<kw name="Wait Until Element Is Visible And Click Element" owner="common_keywords">
<kw name="Wait Until Element Is Visible" owner="SeleniumLibrary">
<arg>${locator}</arg>
<arg>${timeout}</arg>
<doc>Waits until the element ``locator`` is visible.</doc>
<status status="PASS" start="2025-07-19T19:40:28.661408" elapsed="0.025864"/>
</kw>
<kw name="Click Element" owner="SeleniumLibrary">
<msg time="2025-07-19T19:40:28.687272" level="INFO">Clicking element 'xpath=//div[@class="inventory_item"][div/div/a/div[text()="Sauce Labs Onesie"]]//button[text()="Add to cart"]'.</msg>
<arg>${locator}</arg>
<doc>Click the element identified by ``locator``.</doc>
<status status="PASS" start="2025-07-19T19:40:28.687272" elapsed="0.098455"/>
</kw>
<arg>xpath=//div[@class="inventory_item"][div/div/a/div[text()="${product_name}"]]//button[text()="Add to cart"]</arg>
<status status="PASS" start="2025-07-19T19:40:28.661408" elapsed="0.124319"/>
</kw>
<arg>Sauce Labs Onesie</arg>
<status status="PASS" start="2025-07-19T19:40:28.661408" elapsed="0.124319"/>
</kw>
<kw name="Add Product To Cart" owner="common_keywords">
<kw name="Wait Until Element Is Visible And Click Element" owner="common_keywords">
<kw name="Wait Until Element Is Visible" owner="SeleniumLibrary">
<arg>${locator}</arg>
<arg>${timeout}</arg>
<doc>Waits until the element ``locator`` is visible.</doc>
<status status="PASS" start="2025-07-19T19:40:28.790552" elapsed="0.025631"/>
</kw>
<kw name="Click Element" owner="SeleniumLibrary">
<msg time="2025-07-19T19:40:28.816183" level="INFO">Clicking element 'xpath=//div[@class="inventory_item"][div/div/a/div[text()="Sauce Labs Fleece Jacket"]]//button[text()="Add to cart"]'.</msg>
<arg>${locator}</arg>
<doc>Click the element identified by ``locator``.</doc>
<status status="PASS" start="2025-07-19T19:40:28.816183" elapsed="0.090252"/>
</kw>
<arg>xpath=//div[@class="inventory_item"][div/div/a/div[text()="${product_name}"]]//button[text()="Add to cart"]</arg>
<status status="PASS" start="2025-07-19T19:40:28.785727" elapsed="0.120708"/>
</kw>
<arg>Sauce Labs Fleece Jacket</arg>
<status status="PASS" start="2025-07-19T19:40:28.785727" elapsed="0.120708"/>
</kw>
<kw name="Verify Item Price In Cart" owner="common_keywords">
<kw name="Wait Until Element Is Visible And Click Element" owner="common_keywords">
<kw name="Wait Until Element Is Visible" owner="SeleniumLibrary">
<arg>${locator}</arg>
<arg>${timeout}</arg>
<doc>Waits until the element ``locator`` is visible.</doc>
<status status="PASS" start="2025-07-19T19:40:28.906435" elapsed="0.019137"/>
</kw>
<kw name="Click Element" owner="SeleniumLibrary">
<msg time="2025-07-19T19:40:28.925572" level="INFO">Clicking element 'xpath=//a[@class="shopping_cart_link"]'.</msg>
<arg>${locator}</arg>
<doc>Click the element identified by ``locator``.</doc>
<status status="PASS" start="2025-07-19T19:40:28.925572" elapsed="0.072209"/>
</kw>
<arg>xpath=//a[@class="shopping_cart_link"]</arg>
<status status="PASS" start="2025-07-19T19:40:28.906435" elapsed="0.091346"/>
</kw>
<kw name="Wait Until Element Is Visible" owner="SeleniumLibrary">
<arg>xpath=//div[@class="cart_item_label"][a/div[text()="${product_name}"]]</arg>
<doc>Waits until the element ``locator`` is visible.</doc>
<status status="PASS" start="2025-07-19T19:40:28.997781" elapsed="0.022237"/>
</kw>
<kw name="Get Text" owner="SeleniumLibrary">
<msg time="2025-07-19T19:40:29.043241" level="INFO">${item_price} = $7.99</msg>
<var>${item_price}</var>
<arg>xpath=//div[@class="cart_item_label"][a/div[text()="${product_name}"]]//div[@class="inventory_item_price"]</arg>
<doc>Returns the text value of the element identified by ``locator``.</doc>
<status status="PASS" start="2025-07-19T19:40:29.020018" elapsed="0.023223"/>
</kw>
<kw name="Should Be Equal" owner="BuiltIn">
<arg>${product_price}</arg>
<arg>${item_price}</arg>
<doc>Fails if the given objects are unequal.</doc>
<status status="PASS" start="2025-07-19T19:40:29.043241" elapsed="0.000000"/>
</kw>
<kw name="Log To Console" owner="BuiltIn">
<arg>The ${product_name} is ${item_price}</arg>
<doc>Logs the given message to the console.</doc>
<status status="PASS" start="2025-07-19T19:40:29.043241" elapsed="0.000000"/>
</kw>
<arg>Sauce Labs Onesie</arg>
<arg>$7.99</arg>
<status status="PASS" start="2025-07-19T19:40:28.906435" elapsed="0.136806"/>
</kw>
<kw name="Verify Item Price In Cart" owner="common_keywords">
<kw name="Wait Until Element Is Visible And Click Element" owner="common_keywords">
<kw name="Wait Until Element Is Visible" owner="SeleniumLibrary">
<arg>${locator}</arg>
<arg>${timeout}</arg>
<doc>Waits until the element ``locator`` is visible.</doc>
<status status="PASS" start="2025-07-19T19:40:29.043241" elapsed="0.022787"/>
</kw>
<kw name="Click Element" owner="SeleniumLibrary">
<msg time="2025-07-19T19:40:29.066028" level="INFO">Clicking element 'xpath=//a[@class="shopping_cart_link"]'.</msg>
<arg>${locator}</arg>
<doc>Click the element identified by ``locator``.</doc>
<status status="PASS" start="2025-07-19T19:40:29.066028" elapsed="0.097444"/>
</kw>
<arg>xpath=//a[@class="shopping_cart_link"]</arg>
<status status="PASS" start="2025-07-19T19:40:29.043241" elapsed="0.120231"/>
</kw>
<kw name="Wait Until Element Is Visible" owner="SeleniumLibrary">
<arg>xpath=//div[@class="cart_item_label"][a/div[text()="${product_name}"]]</arg>
<doc>Waits until the element ``locator`` is visible.</doc>
<status status="PASS" start="2025-07-19T19:40:29.163472" elapsed="0.028722"/>
</kw>
<kw name="Get Text" owner="SeleniumLibrary">
<msg time="2025-07-19T19:40:29.226390" level="INFO">${item_price} = $49.99</msg>
<var>${item_price}</var>
<arg>xpath=//div[@class="cart_item_label"][a/div[text()="${product_name}"]]//div[@class="inventory_item_price"]</arg>
<doc>Returns the text value of the element identified by ``locator``.</doc>
<status status="PASS" start="2025-07-19T19:40:29.192194" elapsed="0.034196"/>
</kw>
<kw name="Should Be Equal" owner="BuiltIn">
<arg>${product_price}</arg>
<arg>${item_price}</arg>
<doc>Fails if the given objects are unequal.</doc>
<status status="PASS" start="2025-07-19T19:40:29.226390" elapsed="0.000000"/>
</kw>
<kw name="Log To Console" owner="BuiltIn">
<arg>The ${product_name} is ${item_price}</arg>
<doc>Logs the given message to the console.</doc>
<status status="PASS" start="2025-07-19T19:40:29.226390" elapsed="0.000000"/>
</kw>
<arg>Sauce Labs Fleece Jacket</arg>
<arg>$49.99</arg>
<status status="PASS" start="2025-07-19T19:40:29.043241" elapsed="0.183149"/>
</kw>
<kw name="Proceed With Payment" owner="common_keywords">
<kw name="Wait Until Element Is Visible And Click Element" owner="common_keywords">
<kw name="Wait Until Element Is Visible" owner="SeleniumLibrary">
<arg>${locator}</arg>
<arg>${timeout}</arg>
<doc>Waits until the element ``locator`` is visible.</doc>
<status status="PASS" start="2025-07-19T19:40:29.228394" elapsed="0.026478"/>
</kw>
<kw name="Click Element" owner="SeleniumLibrary">
<msg time="2025-07-19T19:40:29.254872" level="INFO">Clicking element 'id=checkout'.</msg>
<arg>${locator}</arg>
<doc>Click the element identified by ``locator``.</doc>
<status status="PASS" start="2025-07-19T19:40:29.254872" elapsed="0.066163"/>
</kw>
<arg>id=checkout</arg>
<status status="PASS" start="2025-07-19T19:40:29.228394" elapsed="0.092641"/>
</kw>
<kw name="Wait Until Element Is Visible" owner="SeleniumLibrary">
<arg>xpath=//span[text()="Checkout: Your Information"]</arg>
<doc>Waits until the element ``locator`` is visible.</doc>
<status status="PASS" start="2025-07-19T19:40:29.321035" elapsed="0.024010"/>
</kw>
<kw name="Input Text" owner="SeleniumLibrary">
<msg time="2025-07-19T19:40:29.345045" level="INFO">Typing text 'John' into text field 'id=first-name'.</msg>
<arg>id=first-name</arg>
<arg>${first_name}</arg>
<doc>Types the given ``text`` into the text field identified by ``locator``.</doc>
<status status="PASS" start="2025-07-19T19:40:29.345045" elapsed="0.140899"/>
</kw>
<kw name="Input Text" owner="SeleniumLibrary">
<msg time="2025-07-19T19:40:29.487162" level="INFO">Typing text 'Doe' into text field 'id=last-name'.</msg>
<arg>id=last-name</arg>
<arg>${last_name}</arg>
<doc>Types the given ``text`` into the text field identified by ``locator``.</doc>
<status status="PASS" start="2025-07-19T19:40:29.487162" elapsed="0.129472"/>
</kw>
<kw name="Input Text" owner="SeleniumLibrary">
<msg time="2025-07-19T19:40:29.617982" level="INFO">Typing text '10110' into text field 'id=postal-code'.</msg>
<arg>id=postal-code</arg>
<arg>${zip_code}</arg>
<doc>Types the given ``text`` into the text field identified by ``locator``.</doc>
<status status="PASS" start="2025-07-19T19:40:29.616634" elapsed="0.077644"/>
</kw>
<kw name="Wait Until Element Is Visible And Click Element" owner="common_keywords">
<kw name="Wait Until Element Is Visible" owner="SeleniumLibrary">
<arg>${locator}</arg>
<arg>${timeout}</arg>
<doc>Waits until the element ``locator`` is visible.</doc>
<status status="PASS" start="2025-07-19T19:40:29.694278" elapsed="0.015025"/>
</kw>
<kw name="Click Element" owner="SeleniumLibrary">
<msg time="2025-07-19T19:40:29.709303" level="INFO">Clicking element 'id=continue'.</msg>
<arg>${locator}</arg>
<doc>Click the element identified by ``locator``.</doc>
<status status="PASS" start="2025-07-19T19:40:29.709303" elapsed="0.099024"/>
</kw>
<arg>id=continue</arg>
<status status="PASS" start="2025-07-19T19:40:29.694278" elapsed="0.114049"/>
</kw>
<arg>${FIRST_NAME}</arg>
<arg>${LAST_NAME}</arg>
<arg>${ZIP_CODE}</arg>
<status status="PASS" start="2025-07-19T19:40:29.228394" elapsed="0.579933"/>
</kw>
<kw name="Validate The Total Price" owner="common_keywords">
<kw name="Get Text" owner="SeleniumLibrary">
<msg time="2025-07-19T19:40:29.858804" level="INFO">${item_total_price} = Item total: $57.980000000000004</msg>
<var>${item_total_price}</var>
<arg>xpath=//div[@class="summary_subtotal_label"]</arg>
<doc>Returns the text value of the element identified by ``locator``.</doc>
<status status="PASS" start="2025-07-19T19:40:29.808327" elapsed="0.050477"/>
</kw>
<kw name="Get Regexp Matches" owner="String">
<msg time="2025-07-19T19:40:29.858804" level="INFO">${item_total_price} = ['57.980000000000004']</msg>
<var>${item_total_price}</var>
<arg>${item_total_price}</arg>
<arg>(?&lt;=\\$).*</arg>
<doc>Returns a list of all non-overlapping matches in the given string.</doc>
<status status="PASS" start="2025-07-19T19:40:29.858804" elapsed="0.000000"/>
</kw>
<kw name="Get Text" owner="SeleniumLibrary">
<msg time="2025-07-19T19:40:29.885885" level="INFO">${tax} = Tax: $4.64</msg>
<var>${tax}</var>
<arg>xpath=//div[@class="summary_tax_label"]</arg>
<doc>Returns the text value of the element identified by ``locator``.</doc>
<status status="PASS" start="2025-07-19T19:40:29.858804" elapsed="0.027081"/>
</kw>
<kw name="Get Regexp Matches" owner="String">
<msg time="2025-07-19T19:40:29.885885" level="INFO">${tax} = ['4.64']</msg>
<var>${tax}</var>
<arg>${tax}</arg>
<arg>(?&lt;=\\$).*</arg>
<doc>Returns a list of all non-overlapping matches in the given string.</doc>
<status status="PASS" start="2025-07-19T19:40:29.885885" elapsed="0.000000"/>
</kw>
<kw name="Get Text" owner="SeleniumLibrary">
<msg time="2025-07-19T19:40:29.902667" level="INFO">${total_from_website} = Total: $62.62</msg>
<var>${total_from_website}</var>
<arg>xpath=//div[@class="summary_total_label"]</arg>
<doc>Returns the text value of the element identified by ``locator``.</doc>
<status status="PASS" start="2025-07-19T19:40:29.885885" elapsed="0.016782"/>
</kw>
<kw name="Get Regexp Matches" owner="String">
<msg time="2025-07-19T19:40:29.902667" level="INFO">${total_from_website} = ['62.62']</msg>
<var>${total_from_website}</var>
<arg>${total_from_website}</arg>
<arg>(?&lt;=\\$).*</arg>
<doc>Returns a list of all non-overlapping matches in the given string.</doc>
<status status="PASS" start="2025-07-19T19:40:29.902667" elapsed="0.000000"/>
</kw>
<kw name="Evaluate" owner="BuiltIn">
<msg time="2025-07-19T19:40:29.902667" level="INFO">${total_from_website} = 62.62</msg>
<var>${total_from_website}</var>
<arg>float(${total_from_website}[0])</arg>
<doc>Evaluates the given expression in Python and returns the result.</doc>
<status status="PASS" start="2025-07-19T19:40:29.902667" elapsed="0.000000"/>
</kw>
<kw name="Evaluate" owner="BuiltIn">
<msg time="2025-07-19T19:40:29.902667" level="INFO">${total_sum} = 62.62</msg>
<var>${total_sum}</var>
<arg>round(${item_total_price}[0] + ${tax}[0], 2)</arg>
<doc>Evaluates the given expression in Python and returns the result.</doc>
<status status="PASS" start="2025-07-19T19:40:29.902667" elapsed="0.000000"/>
</kw>
<kw name="Should Be Equal" owner="BuiltIn">
<arg>${total_from_website}</arg>
<arg>${total_sum}</arg>
<doc>Fails if the given objects are unequal.</doc>
<status status="PASS" start="2025-07-19T19:40:29.902667" elapsed="0.000000"/>
</kw>
<status status="PASS" start="2025-07-19T19:40:29.808327" elapsed="0.094340"/>
</kw>
<kw name="Continue The Payment And Validate Thank You Message" owner="common_keywords">
<kw name="Wait Until Element Is Visible And Click Element" owner="common_keywords">
<kw name="Wait Until Element Is Visible" owner="SeleniumLibrary">
<arg>${locator}</arg>
<arg>${timeout}</arg>
<doc>Waits until the element ``locator`` is visible.</doc>
<status status="PASS" start="2025-07-19T19:40:29.902667" elapsed="0.028344"/>
</kw>
<kw name="Click Element" owner="SeleniumLibrary">
<msg time="2025-07-19T19:40:29.931011" level="INFO">Clicking element 'id=finish'.</msg>
<arg>${locator}</arg>
<doc>Click the element identified by ``locator``.</doc>
<status status="PASS" start="2025-07-19T19:40:29.931011" elapsed="0.160185"/>
</kw>
<arg>id=finish</arg>
<status status="PASS" start="2025-07-19T19:40:29.902667" elapsed="0.188529"/>
</kw>
<kw name="Wait Until Element Is Visible" owner="SeleniumLibrary">
<arg>xpath=//span[text()="Checkout: Complete!"]</arg>
<doc>Waits until the element ``locator`` is visible.</doc>
<status status="PASS" start="2025-07-19T19:40:30.091196" elapsed="0.026321"/>
</kw>
<kw name="Page Should Contain" owner="SeleniumLibrary">
<msg time="2025-07-19T19:40:30.133427" level="INFO">Current page contains text 'Thank you for your order!'.</msg>
<arg>Thank you for your order!</arg>
<doc>Verifies that current page contains ``text``.</doc>
<status status="PASS" start="2025-07-19T19:40:30.117517" elapsed="0.015910"/>
</kw>
<kw name="Page Should Contain" owner="SeleniumLibrary">
<msg time="2025-07-19T19:40:30.149541" level="INFO">Current page contains text 'Your order has been dispatched, and will arrive just as fast as the pony can get there!'.</msg>
<arg>Your order has been dispatched, and will arrive just as fast as the pony can get there!</arg>
<doc>Verifies that current page contains ``text``.</doc>
<status status="PASS" start="2025-07-19T19:40:30.133427" elapsed="0.016114"/>
</kw>
<status status="PASS" start="2025-07-19T19:40:29.902667" elapsed="0.246874"/>
</kw>
<status status="PASS" start="2025-07-19T19:40:23.327180" elapsed="6.822361"/>
</test>
<status status="PASS" start="2025-07-19T19:40:23.041560" elapsed="7.111026"/>
</suite>
<statistics>
<total>
<stat pass="1" fail="0" skip="0">All Tests</stat>
</total>
<tag>
</tag>
<suite>
<stat name="Saucedemo Main" id="s1" pass="1" fail="0" skip="0">Saucedemo Main</stat>
</suite>
</statistics>
<errors>
<msg time="2025-07-19T19:40:24.078906" level="WARN">Exception managing MicrosoftEdge: error sending request for url (https://msedgedriver.azureedge.net/LATEST_RELEASE_138_WINDOWS): error trying to connect: dns error: No such host is known. (os error 11001)</msg>
<msg time="2025-07-19T19:40:24.078906" level="WARN">The msedgedriver version (137.0.3296.93) detected in PATH at C:\driver\msedgedriver.exe might not be compatible with the detected MicrosoftEdge version (138.0.3351.95); currently, msedgedriver  is recommended for MicrosoftEdge 138.*, so it is advised to delete the driver in PATH and retry</msg>
</errors>
</robot>
